2022-04-25 15:09:47,412 -ftp - ERROR - path not exist
2022-04-25 15:09:47,427 -ftp - ERROR - undefined error failed to get file list
2022-04-25 15:12:12,786 -ftp - ERROR - undefined error failed to get file list
2022-04-25 15:13:09,756 -ftp - ERROR - undefined error failed to get file list
2022-04-25 15:17:46,675 -ftp - ERROR - undefined error a float is required
2022-04-25 15:22:36,982 -ftp - ERROR - undefined error failed to get file list
2022-04-25 15:23:34,934 -ftp - ERROR - undefined error failed to get file list
2022-04-25 15:27:54,122 -ftp - ERROR - undefined error failed to get file list
2022-04-25 15:28:12,977 -ftp - ERROR - undefined error failed to get file list
2022-04-25 15:33:03,359 -ftp - ERROR - undefined error failed to get file list
2022-04-25 17:36:32,105 -ftp - ERROR - undefined error failed to get file list
2022-04-25 17:49:48,949 -ftp - ERROR - undefined error a float is required
2022-04-25 17:50:42,157 -ftp - ERROR - undefined error failed to get file list
2022-04-25 17:52:19,588 -ftp - ERROR - undefined error failed to get file list
2022-04-25 17:52:56,712 -ftp - ERROR - undefined error failed to get file list
2022-04-25 17:53:12,076 -ftp - ERROR - undefined error failed to get file list
2022-04-25 18:02:18,208 -ftp - ERROR - undefined error failed to get file list
2022-04-25 18:48:29,549 -ftp - ERROR - undefined error failed to get file list
2022-04-25 18:48:31,134 -ftp - ERROR - undefined error failed to get file list
2022-04-25 18:51:46,021 -ftp - ERROR - undefined error failed to get file list
2022-04-25 18:54:17,546 -ftp - ERROR - undefined error failed to get file list
2022-04-25 18:54:47,568 -ftp - ERROR - undefined error failed to get file list
2022-04-25 18:55:18,036 -ftp - ERROR - undefined error failed to get file list
2022-04-25 18:59:33,086 -ftp - ERROR - undefined error failed to get file list
2022-04-25 18:59:52,275 -ftp - ERROR - undefined error failed to get file list
2022-04-25 19:01:00,508 -ftp - ERROR - undefined error failed to get file list
2022-04-25 19:01:22,839 -ftp - ERROR - undefined error failed to get file list
2022-04-25 19:02:29,627 -ftp - ERROR - undefined error a float is required
2022-04-25 19:04:31,008 -ftp - ERROR - undefined error failed to get file list
2022-04-25 19:04:59,786 -ftp - ERROR - undefined error failed to get file list
2022-04-25 19:05:36,333 -ftp - ERROR - undefined error failed to get file list
2022-04-25 19:10:20,262 -ftp - ERROR - undefined error failed to get file list
2022-04-25 19:17:19,682 -ftp - ERROR - undefined error failed to get file list
2022-04-25 19:25:05,038 -ftp - ERROR - undefined error failed to get file list
2022-04-25 19:25:29,494 -ftp - ERROR - undefined error failed to get file list
2022-04-25 19:25:47,263 -ftp - ERROR - undefined error failed to get file list
2022-04-25 19:26:38,420 -ftp - ERROR - undefined error a float is required
2022-04-26 09:18:04,886 -ftp - ERROR - undefined error a float is required
2022-04-26 09:20:28,889 -ftp - ERROR - undefined error a float is required
2022-04-26 09:20:45,159 -ftp - ERROR - undefined error a float is required
2022-04-26 09:23:16,328 -ftp - ERROR - undefined error a float is required
2022-04-26 09:38:48,177 -ftp - ERROR - undefined error a float is required
2022-04-26 09:41:02,260 -ftp - ERROR - path not exist
2022-04-26 09:41:02,272 -ftp - ERROR - undefined error a float is required
2022-04-26 09:45:22,204 -ftp - ERROR - undefined error a float is required
2022-04-26 09:47:00,724 -ftp - ERROR - undefined error a float is required
2022-04-26 09:48:20,974 -ftp - ERROR - undefined error unsupported operand type(s) for +: 'int' and 'str'
2022-04-26 09:49:05,618 -ftp - ERROR - undefined error unsupported operand type(s) for +: 'int' and 'str'
2022-04-26 09:49:46,334 -ftp - ERROR - undefined error a float is required
2022-04-26 09:49:56,538 -ftp - ERROR - undefined error a float is required
2022-04-26 09:50:20,543 -ftp - ERROR - undefined error __exit__
2022-04-26 14:22:01,899 -ftp - ERROR - undefined error a float is required
2022-04-26 15:11:54,981 -ftp - ERROR - undefined error a float is required
2022-04-26 15:12:17,184 -ftp - ERROR - undefined error a float is required
2022-04-26 15:12:31,107 -ftp - ERROR - undefined error connect_ftp() missing 1 required positional argument: 'logger'
2022-04-26 15:12:49,464 -ftp - ERROR - undefined error a float is required
2022-04-26 15:14:40,970 -ftp - ERROR - undefined error a float is required
2022-04-26 15:28:47,801 -ftp - ERROR - undefined error a float is required
